<?xml version="1.0" encoding="UTF-8"?>
<testsuite name="com.travelsupermarket.referencedata.model.AutoCompleteResponseTest" tests="1" skipped="0" failures="0" errors="0" timestamp="2016-11-09T15:58:26" hostname="2789" time="0.0">
  <properties/>
  <testcase name="testAutoCompleteResponseBean" classname="com.travelsupermarket.referencedata.model.AutoCompleteResponseTest" time="0.0"/>
  <system-out><![CDATA[]]></system-out>
  <system-err><![CDATA[]]></system-err>
</testsuite>
