<?xml version="1.0" encoding="UTF-8"?>
<testsuite name="com.travelsupermarket.referencedata.elasticsearch.responseparser.CarHireStationIataElasticsearchResponseParserTest" tests="1" skipped="0" failures="0" errors="0" timestamp="2016-11-09T15:58:26" hostname="2789" time="0.001">
  <properties/>
  <testcase name="parseResponseObjectFromSearchHit" classname="com.travelsupermarket.referencedata.elasticsearch.responseparser.CarHireStationIataElasticsearchResponseParserTest" time="0.001"/>
  <system-out><![CDATA[]]></system-out>
  <system-err><![CDATA[]]></system-err>
</testsuite>
