<?xml version="1.0" encoding="UTF-8"?>
<testsuite name="com.travelsupermarket.latedeals.health.ReferenceDataElasticsearchHealthCheckTest" tests="1" skipped="0" failures="0" errors="0" timestamp="2016-11-18T10:30:09" hostname="1669-MAC" time="0.011">
  <properties/>
  <testcase name="testCheck" classname="com.travelsupermarket.latedeals.health.ReferenceDataElasticsearchHealthCheckTest" time="0.011"/>
  <system-out><![CDATA[]]></system-out>
  <system-err><![CDATA[]]></system-err>
</testsuite>
