<?xml version="1.0" encoding="UTF-8"?>
<testsuite name="com.travelsupermarket.referencedata.health.ElasticsearchClientManagerTest" tests="2" skipped="0" failures="0" errors="0" timestamp="2016-11-09T15:58:26" hostname="2789" time="0.076">
  <properties/>
  <testcase name="testCheckNoNewHostKeepsSameClientIP" classname="com.travelsupermarket.referencedata.health.ElasticsearchClientManagerTest" time="0.046"/>
  <testcase name="testCheckNewAddedOldRemoved" classname="com.travelsupermarket.referencedata.health.ElasticsearchClientManagerTest" time="0.029"/>
  <system-out><![CDATA[]]></system-out>
  <system-err><![CDATA[]]></system-err>
</testsuite>
