<?xml version="1.0" encoding="UTF-8"?>
<testsuite name="com.travelsupermarket.latedeals.health.ReferenceDataElasticsearchHealthCheckTest" tests="1" skipped="0" failures="0" errors="0" timestamp="2016-11-17T19:57:51" hostname="2789" time="0.005">
  <properties/>
  <testcase name="testCheck" classname="com.travelsupermarket.latedeals.health.ReferenceDataElasticsearchHealthCheckTest" time="0.005"/>
  <system-out><![CDATA[]]></system-out>
  <system-err><![CDATA[]]></system-err>
</testsuite>
